<?xml version="1.0" encoding="UTF-8"?>
<!-- Generated by org.testng.reporters.JUnitReportReporter -->
<testsuite hostname="Rohit" failures="0" tests="1" name="practice.test.SampleReportTest2" time="0.101" errors="0" timestamp="2024-10-29T21:21:37 IST" skipped="0">
  <testcase classname="practice.test.SampleReportTest2" name="sampleTest" time="0.101"/>
  <system-out/>
</testsuite> <!-- practice.test.SampleReportTest2 -->
