<?xml version="1.0" encoding="UTF-8"?>
<!-- Generated by org.testng.reporters.JUnitReportReporter -->
<testsuite hostname="Rohit" failures="0" tests="3" name="com.comcast.crm.contacttest.CreateContactTest" time="185.917" errors="0" timestamp="2024-08-16T23:29:07 IST" skipped="0">
  <testcase classname="com.comcast.crm.contacttest.CreateContactTest" name="createContactWithSupportDateTest" time="71.921"/>
  <system-out/>
  <testcase classname="com.comcast.crm.contacttest.CreateContactTest" name="createContactWithOrgTest" time="51.465"/>
  <system-out/>
  <testcase classname="com.comcast.crm.contacttest.CreateContactTest" name="createContactTest" time="62.531"/>
  <system-out/>
</testsuite> <!-- com.comcast.crm.contacttest.CreateContactTest -->
